<?xml version="1.0" encoding="UTF-8"?>
<testng-results ignored="0" total="1" passed="1" failed="0" skipped="0">
  <reporter-output>
  </reporter-output>
  <suite started-at="2024-07-25T15:16:23 IST" name="Default suite" finished-at="2024-07-25T15:16:34 IST" duration-ms="11176">
    <groups>
    </groups>
    <test started-at="2024-07-25T15:16:23 IST" name="Default test" finished-at="2024-07-25T15:16:34 IST" duration-ms="11176">
      <class name="stagingmain.legalops.com.LoginPage">
        <test-method signature="login()[pri:0, instance:stagingmain.legalops.com.LoginPage@39529185]" started-at="2024-07-25T15:16:23 IST" name="login" finished-at="2024-07-25T15:16:34 IST" duration-ms="11120" status="PASS">
          <reporter-output>
          </reporter-output>
        </test-method> <!-- login -->
      </class> <!-- stagingmain.legalops.com.LoginPage -->
    </test> <!-- Default test -->
  </suite> <!-- Default suite -->
</testng-results>
